<?xml version="1.0" encoding="UTF-8" ?>
<testsuite tests="16" failures="0" name="jack.mybatis.simple.mapper.UserMapperTest" time="0.686" errors="1" skipped="0">
  <properties>
[...]
</properties>
  <testcase classname="jack.mybatis.simple.mapper.UserMapperTest" name="testSelectByUser" time="0.077"/>
  <testcase classname="jack.mybatis.simple.mapper.UserMapperTest" name="testSelectAll" time="0.049"/>
  <testcase classname="jack.mybatis.simple.mapper.UserMapperTest" name="testUpdateById" time="0.048"/>
  <testcase classname="jack.mybatis.simple.mapper.UserMapperTest" name="testSelectedById" time="0.037"/>
  <testcase classname="jack.mybatis.simple.mapper.UserMapperTest" name="testSelectRolesByUserIdAndRoleEnabled" time="0.037"/>
  <testcase classname="jack.mybatis.simple.mapper.UserMapperTest" name="testSelectUserRoles" time="0.046"/>
  <testcase classname="jack.mybatis.simple.mapper.UserMapperTest" name="testInsertList" time="0.043"/>
  <testcase classname="jack.mybatis.simple.mapper.UserMapperTest" name="testSelectByIdList" time="0.038"/>
  <testcase classname="jack.mybatis.simple.mapper.UserMapperTest" name="testDeleteById" time="0.041"/>
  <testcase classname="jack.mybatis.simple.mapper.UserMapperTest" name="testSelectUserAndRoleById" time="0.036"/>
  <testcase classname="jack.mybatis.simple.mapper.UserMapperTest" name="testSelectUserAndRoleById2" time="0.042">
    <error message="
### Error querying database.  Cause: java.lang.IllegalArgumentException: Result Maps collection does not contain value for jack.mybatis.simple.mapper.RoleMapper.roleMap
### The error may exist in jack/mybatis/simple/mapper/UserMapper.xml
### The error may involve jack.mybatis.simple.mapper.UserMapper.selectUserAndRoleById2
### The error occurred while handling results
### SQL: select       u.id,       u.user_name,          u.user_password,          u.user_email,          u.user_info,          u.head_img,          u.create_time,    r.id role_id,    r.role_name role_role_name,    r.enabled role_enabled,    r.create_by role_create_by,    r.create_time role_create_time   from sys_user u   inner join sys_user_role ur on u.id = ur.user_id   inner join sys_role r on ur.role_id = r.id      where u.id = ?
### Cause: java.lang.IllegalArgumentException: Result Maps collection does not contain value for jack.mybatis.simple.mapper.RoleMapper.roleMap" type="org.apache.ibatis.exceptions.PersistenceException">org.apache.ibatis.exceptions.PersistenceException: 
### Error querying database.  Cause: java.lang.IllegalArgumentException: Result Maps collection does not contain value for jack.mybatis.simple.mapper.RoleMapper.roleMap
### The error may exist in jack/mybatis/simple/mapper/UserMapper.xml
### The error may involve jack.mybatis.simple.mapper.UserMapper.selectUserAndRoleById2
### The error occurred while handling results
### SQL: select       u.id,       u.user_name,          u.user_password,          u.user_email,          u.user_info,          u.head_img,          u.create_time,    r.id role_id,    r.role_name role_role_name,    r.enabled role_enabled,    r.create_by role_create_by,    r.create_time role_create_time   from sys_user u   inner join sys_user_role ur on u.id = ur.user_id   inner join sys_role r on ur.role_id = r.id      where u.id = ?
### Cause: java.lang.IllegalArgumentException: Result Maps collection does not contain value for jack.mybatis.simple.mapper.RoleMapper.roleMap
	at org.apache.ibatis.exceptions.ExceptionFactory.wrapException(ExceptionFactory.java:30)
	at org.apache.ibatis.session.defaults.DefaultSqlSession.selectList(DefaultSqlSession.java:150)
	at org.apache.ibatis.session.defaults.DefaultSqlSession.selectList(DefaultSqlSession.java:141)
	at org.apache.ibatis.session.defaults.DefaultSqlSession.selectOne(DefaultSqlSession.java:77)
	at org.apache.ibatis.binding.MapperMethod.execute(MapperMethod.java:83)
	at org.apache.ibatis.binding.MapperProxy.invoke(MapperProxy.java:59)
	at com.sun.proxy.$Proxy10.selectUserAndRoleById2(Unknown Source)
	at jack.mybatis.simple.mapper.UserMapperTest.testSelectUserAndRoleById2(UserMapperTest.java:293)
	at sun.reflect.NativeMethodAccessorImpl.invoke0(Native Method)
	at sun.reflect.NativeMethodAccessorImpl.invoke(NativeMethodAccessorImpl.java:62)
	at sun.reflect.DelegatingMethodAccessorImpl.invoke(DelegatingMethodAccessorImpl.java:43)
	at java.lang.reflect.Method.invoke(Method.java:498)
	at org.junit.runners.model.FrameworkMethod$1.runReflectiveCall(FrameworkMethod.java:50)
	at org.junit.internal.runners.model.ReflectiveCallable.run(ReflectiveCallable.java:12)
	at org.junit.runners.model.FrameworkMethod.invokeExplosively(FrameworkMethod.java:47)
	at org.junit.internal.runners.statements.InvokeMethod.evaluate(InvokeMethod.java:17)
	at org.junit.runners.ParentRunner.runLeaf(ParentRunner.java:325)
	at org.junit.runners.BlockJUnit4ClassRunner.runChild(BlockJUnit4ClassRunner.java:78)
	at org.junit.runners.BlockJUnit4ClassRunner.runChild(BlockJUnit4ClassRunner.java:57)
	at org.junit.runners.ParentRunner$3.run(ParentRunner.java:290)
	at org.junit.runners.ParentRunner$1.schedule(ParentRunner.java:71)
	at org.junit.runners.ParentRunner.runChildren(ParentRunner.java:288)
	at org.junit.runners.ParentRunner.access$000(ParentRunner.java:58)
	at org.junit.runners.ParentRunner$2.evaluate(ParentRunner.java:268)
	at org.junit.internal.runners.statements.RunBefores.evaluate(RunBefores.java:26)
	at org.junit.runners.ParentRunner.run(ParentRunner.java:363)
	at org.apache.maven.surefire.junit4.JUnit4Provider.execute(JUnit4Provider.java:252)
	at org.apache.maven.surefire.junit4.JUnit4Provider.executeTestSet(JUnit4Provider.java:141)
	at org.apache.maven.surefire.junit4.JUnit4Provider.invoke(JUnit4Provider.java:112)
	at sun.reflect.NativeMethodAccessorImpl.invoke0(Native Method)
	at sun.reflect.NativeMethodAccessorImpl.invoke(NativeMethodAccessorImpl.java:62)
	at sun.reflect.DelegatingMethodAccessorImpl.invoke(DelegatingMethodAccessorImpl.java:43)
	at java.lang.reflect.Method.invoke(Method.java:498)
	at org.apache.maven.surefire.util.ReflectionUtils.invokeMethodWithArray(ReflectionUtils.java:189)
	at org.apache.maven.surefire.booter.ProviderFactory$ProviderProxy.invoke(ProviderFactory.java:165)
	at org.apache.maven.surefire.booter.ProviderFactory.invokeProvider(ProviderFactory.java:85)
	at org.apache.maven.surefire.booter.ForkedBooter.runSuitesInProcess(ForkedBooter.java:115)
	at org.apache.maven.surefire.booter.ForkedBooter.main(ForkedBooter.java:75)
Caused by: java.lang.IllegalArgumentException: Result Maps collection does not contain value for jack.mybatis.simple.mapper.RoleMapper.roleMap
	at org.apache.ibatis.session.Configuration$StrictMap.get(Configuration.java:888)
	at org.apache.ibatis.session.Configuration.getResultMap(Configuration.java:640)
	at org.apache.ibatis.executor.resultset.DefaultResultSetHandler.getNestedResultMap(DefaultResultSetHandler.java:1011)
	at org.apache.ibatis.executor.resultset.DefaultResultSetHandler.applyNestedResultMappings(DefaultResultSetHandler.java:945)
	at org.apache.ibatis.executor.resultset.DefaultResultSetHandler.getRowValue(DefaultResultSetHandler.java:918)
	at org.apache.ibatis.executor.resultset.DefaultResultSetHandler.handleRowValuesForNestedResultMap(DefaultResultSetHandler.java:881)
	at org.apache.ibatis.executor.resultset.DefaultResultSetHandler.handleRowValues(DefaultResultSetHandler.java:328)
	at org.apache.ibatis.executor.resultset.DefaultResultSetHandler.handleResultSet(DefaultResultSetHandler.java:303)
	at org.apache.ibatis.executor.resultset.DefaultResultSetHandler.handleResultSets(DefaultResultSetHandler.java:196)
	at org.apache.ibatis.executor.statement.PreparedStatementHandler.query(PreparedStatementHandler.java:64)
	at org.apache.ibatis.executor.statement.RoutingStatementHandler.query(RoutingStatementHandler.java:79)
	at org.apache.ibatis.executor.SimpleExecutor.doQuery(SimpleExecutor.java:63)
	at org.apache.ibatis.executor.BaseExecutor.queryFromDatabase(BaseExecutor.java:326)
	at org.apache.ibatis.executor.BaseExecutor.query(BaseExecutor.java:156)
	at org.apache.ibatis.executor.CachingExecutor.query(CachingExecutor.java:109)
	at org.apache.ibatis.executor.CachingExecutor.query(CachingExecutor.java:83)
	at org.apache.ibatis.session.defaults.DefaultSqlSession.selectList(DefaultSqlSession.java:148)
	... 36 more
</error>
    <system-out>DEBUG [main] - ==&gt;  Preparing: select u.id, u.user_name, u.user_password, u.user_email, u.user_info, u.head_img, u.create_time, r.id role_id, r.role_name role_role_name, r.enabled role_enabled, r.create_by role_create_by, r.create_time role_create_time from sys_user u inner join sys_user_role ur on u.id = ur.user_id inner join sys_role r on ur.role_id = r.id where u.id = ? 
DEBUG [main] - ==&gt; Parameters: 1001(Long)
TRACE [main] - &lt;==    Columns: id, user_name, user_password, user_email, user_info, head_img, create_time, role_id, role_role_name, role_enabled, role_create_by, role_create_time
TRACE [main] - &lt;==        Row: 1001, test, 123456, test@mybatis.tk, &lt;&lt;BLOB&gt;&gt;, &lt;&lt;BLOB&gt;&gt;, 2016-06-07 00:00:00.0, 2, ��ͨ�û�, 1, 1, 2016-04-01 17:02:34.0
</system-out>
    <system-err>Sat Sep 29 15:26:36 CST 2018 WARN: Establishing SSL connection without server&apos;s identity verification is not recommended. According to MySQL 5.5.45+, 5.6.26+ and 5.7.6+ requirements SSL connection must be established by default if explicit option isn&apos;t set. For compliance with existing applications not using SSL the verifyServerCertificate property is set to &apos;false&apos;. You need either to explicitly disable SSL by setting useSSL=false, or set useSSL=true and provide truststore for server certificate verification.
</system-err>
  </testcase>
  <testcase classname="jack.mybatis.simple.mapper.UserMapperTest" name="testInsert" time="0.037"/>
  <testcase classname="jack.mybatis.simple.mapper.UserMapperTest" name="testInsert2" time="0.042"/>
  <testcase classname="jack.mybatis.simple.mapper.UserMapperTest" name="testInsert3" time="0.039"/>
  <testcase classname="jack.mybatis.simple.mapper.UserMapperTest" name="testSelectbyIdOrUserName" time="0.038"/>
  <testcase classname="jack.mybatis.simple.mapper.UserMapperTest" name="testUpdateByIdSelective" time="0.036"/>
</testsuite>