<?xml version="1.0" encoding="UTF-8" ?>
<testsuite tests="16" failures="0" name="jack.mybatis.simple.mapper.UserMapperTest" time="0.686" errors="1" skipped="0">
  <properties>
    <property name="idea.version" value="2018.2"/>
    <property name="java.runtime.name" value="Java(TM) SE Runtime Environment"/>
    <property name="sun.boot.library.path" value="C:\Java\jdk1.8.0_162\jre\bin"/>
    <property name="java.vm.version" value="25.162-b12"/>
    <property name="java.vm.vendor" value="Oracle Corporation"/>
    <property name="maven.multiModuleProjectDirectory" value="D:\javatest\mybatistest\simple"/>
    <property name="java.vendor.url" value="http://java.oracle.com/"/>
    <property name="path.separator" value=";"/>
    <property name="guice.disable.misplaced.annotation.check" value="true"/>
    <property name="java.vm.name" value="Java HotSpot(TM) 64-Bit Server VM"/>
    <property name="file.encoding.pkg" value="sun.io"/>
    <property name="user.script" value=""/>
    <property name="user.country" value="CN"/>
    <property name="sun.java.launcher" value="SUN_STANDARD"/>
    <property name="sun.os.patch.level" value=""/>
    <property name="java.vm.specification.name" value="Java Virtual Machine Specification"/>
    <property name="user.dir" value="D:\javatest\mybatistest\simple"/>
    <property name="java.runtime.version" value="1.8.0_162-b12"/>
    <property name="java.awt.graphicsenv" value="sun.awt.Win32GraphicsEnvironment"/>
    <property name="java.endorsed.dirs" value="C:\Java\jdk1.8.0_162\jre\lib\endorsed"/>
    <property name="os.arch" value="amd64"/>
    <property name="java.io.tmpdir" value="C:\Users\JIANYO~1.JIA\AppData\Local\Temp\"/>
    <property name="line.separator" value="
"/>
    <property name="java.vm.specification.vendor" value="Oracle Corporation"/>
    <property name="user.variant" value=""/>
    <property name="os.name" value="Windows 10"/>
    <property name="classworlds.conf" value="C:\Program Files\JetBrains\IntelliJ IDEA 2018.2\plugins\maven\lib\maven3\bin\m2.conf"/>
    <property name="sun.jnu.encoding" value="GBK"/>
    <property name="java.library.path" value="C:\Java\jdk1.8.0_162\bin;C:\WINDOWS\Sun\Java\bin;C:\WINDOWS\system32;C:\WINDOWS;C:\Program Files\Docker\Docker\Resources\bin;C:\ProgramData\Oracle\Java\javapath;C:\WINDOWS\system32;C:\WINDOWS;C:\WINDOWS\System32\Wbem;C:\WINDOWS\System32\WindowsPowerShell\v1.0\;C:\Program Files\dotnet\;C:\Program Files\Microsoft SQL Server\130\Tools\Binn\;C:\Program Files\Git\cmd;C:\Program Files\nodejs\;C:\Program Files\Amazon\AWSCLI\;C:\WINDOWS\System32\OpenSSH\;C:\Program Files\TortoiseSVN\bin;C:\Go\bin;C:\Program Files\Microsoft VS Code\bin;C:\Users\jianyong.jiang\AppData\Local\Microsoft\WindowsApps;C:\Java\jdk1.8.0_162\\bin;C:\Program Files\Microsoft VS Code\bin;C:\Users\jianyong.jiang\AppData\Local\GitHubDesktop\bin;D:\apache-maven-3.5.3\bin;C:\Users\jianyong.jiang\AppData\Roaming\npm;C:\MinGW\bin;C:\Users\jianyong.jiang\AppData\Local\Microsoft\WindowsApps;D:\person\jvmgo-book\v1\code\go;D:\person\go\workspace;\bin;C:\Users\jianyong.jiang\Downloads\gradle-4.8.1-bin\gradle-4.8.1\bin;;."/>
    <property name="java.specification.name" value="Java Platform API Specification"/>
    <property name="java.class.version" value="52.0"/>
    <property name="sun.management.compiler" value="HotSpot 64-Bit Tiered Compilers"/>
    <property name="os.version" value="10.0"/>
    <property name="user.home" value="C:\Users\jianyong.jiang"/>
    <property name="user.timezone" value="Asia/Shanghai"/>
    <property name="java.awt.printerjob" value="sun.awt.windows.WPrinterJob"/>
    <property name="java.specification.version" value="1.8"/>
    <property name="file.encoding" value="UTF-8"/>
    <property name="user.name" value="jianyong.jiang"/>
    <property name="java.class.path" value="C:\Program Files\JetBrains\IntelliJ IDEA 2018.2\plugins\maven\lib\maven3\boot\plexus-classworlds-2.5.2.jar;C:\Program Files\JetBrains\IntelliJ IDEA 2018.2\lib\idea_rt.jar"/>
    <property name="java.vm.specification.version" value="1.8"/>
    <property name="sun.arch.data.model" value="64"/>
    <property name="java.home" value="C:\Java\jdk1.8.0_162\jre"/>
    <property name="sun.java.command" value="org.codehaus.classworlds.Launcher -Didea.version=2018.2 test"/>
    <property name="java.specification.vendor" value="Oracle Corporation"/>
    <property name="user.language" value="zh"/>
    <property name="awt.toolkit" value="sun.awt.windows.WToolkit"/>
    <property name="java.vm.info" value="mixed mode"/>
    <property name="java.version" value="1.8.0_162"/>
    <property name="java.ext.dirs" value="C:\Java\jdk1.8.0_162\jre\lib\ext;C:\WINDOWS\Sun\Java\lib\ext"/>
    <property name="sun.boot.class.path" value="C:\Java\jdk1.8.0_162\jre\lib\resources.jar;C:\Java\jdk1.8.0_162\jre\lib\rt.jar;C:\Java\jdk1.8.0_162\jre\lib\sunrsasign.jar;C:\Java\jdk1.8.0_162\jre\lib\jsse.jar;C:\Java\jdk1.8.0_162\jre\lib\jce.jar;C:\Java\jdk1.8.0_162\jre\lib\charsets.jar;C:\Java\jdk1.8.0_162\jre\lib\jfr.jar;C:\Java\jdk1.8.0_162\jre\classes"/>
    <property name="java.vendor" value="Oracle Corporation"/>
    <property name="maven.home" value="C:\Program Files\JetBrains\IntelliJ IDEA 2018.2\plugins\maven\lib\maven3"/>
    <property name="file.separator" value="\"/>
    <property name="java.vendor.url.bug" value="http://bugreport.sun.com/bugreport/"/>
    <property name="sun.cpu.endian" value="little"/>
    <property name="sun.io.unicode.encoding" value="UnicodeLittle"/>
    <property name="sun.desktop" value="windows"/>
    <property name="sun.cpu.isalist" value="amd64"/>
  </properties>
  <testcase classname="jack.mybatis.simple.mapper.UserMapperTest" name="testSelectByUser" time="0.077"/>
  <testcase classname="jack.mybatis.simple.mapper.UserMapperTest" name="testSelectAll" time="0.049"/>
  <testcase classname="jack.mybatis.simple.mapper.UserMapperTest" name="testUpdateById" time="0.048"/>
  <testcase classname="jack.mybatis.simple.mapper.UserMapperTest" name="testSelectedById" time="0.037"/>
  <testcase classname="jack.mybatis.simple.mapper.UserMapperTest" name="testSelectRolesByUserIdAndRoleEnabled" time="0.037"/>
  <testcase classname="jack.mybatis.simple.mapper.UserMapperTest" name="testSelectUserRoles" time="0.046"/>
  <testcase classname="jack.mybatis.simple.mapper.UserMapperTest" name="testInsertList" time="0.043"/>
  <testcase classname="jack.mybatis.simple.mapper.UserMapperTest" name="testSelectByIdList" time="0.038"/>
  <testcase classname="jack.mybatis.simple.mapper.UserMapperTest" name="testDeleteById" time="0.041"/>
  <testcase classname="jack.mybatis.simple.mapper.UserMapperTest" name="testSelectUserAndRoleById" time="0.036"/>
  <testcase classname="jack.mybatis.simple.mapper.UserMapperTest" name="testSelectUserAndRoleById2" time="0.042">
    <error message="
### Error querying database.  Cause: java.lang.IllegalArgumentException: Result Maps collection does not contain value for jack.mybatis.simple.mapper.RoleMapper.roleMap
### The error may exist in jack/mybatis/simple/mapper/UserMapper.xml
### The error may involve jack.mybatis.simple.mapper.UserMapper.selectUserAndRoleById2
### The error occurred while handling results
### SQL: select       u.id,       u.user_name,          u.user_password,          u.user_email,          u.user_info,          u.head_img,          u.create_time,    r.id role_id,    r.role_name role_role_name,    r.enabled role_enabled,    r.create_by role_create_by,    r.create_time role_create_time   from sys_user u   inner join sys_user_role ur on u.id = ur.user_id   inner join sys_role r on ur.role_id = r.id      where u.id = ?
### Cause: java.lang.IllegalArgumentException: Result Maps collection does not contain value for jack.mybatis.simple.mapper.RoleMapper.roleMap" type="org.apache.ibatis.exceptions.PersistenceException">org.apache.ibatis.exceptions.PersistenceException: 
### Error querying database.  Cause: java.lang.IllegalArgumentException: Result Maps collection does not contain value for jack.mybatis.simple.mapper.RoleMapper.roleMap
### The error may exist in jack/mybatis/simple/mapper/UserMapper.xml
### The error may involve jack.mybatis.simple.mapper.UserMapper.selectUserAndRoleById2
### The error occurred while handling results
### SQL: select       u.id,       u.user_name,          u.user_password,          u.user_email,          u.user_info,          u.head_img,          u.create_time,    r.id role_id,    r.role_name role_role_name,    r.enabled role_enabled,    r.create_by role_create_by,    r.create_time role_create_time   from sys_user u   inner join sys_user_role ur on u.id = ur.user_id   inner join sys_role r on ur.role_id = r.id      where u.id = ?
### Cause: java.lang.IllegalArgumentException: Result Maps collection does not contain value for jack.mybatis.simple.mapper.RoleMapper.roleMap
	at org.apache.ibatis.exceptions.ExceptionFactory.wrapException(ExceptionFactory.java:30)
	at org.apache.ibatis.session.defaults.DefaultSqlSession.selectList(DefaultSqlSession.java:150)
	at org.apache.ibatis.session.defaults.DefaultSqlSession.selectList(DefaultSqlSession.java:141)
	at org.apache.ibatis.session.defaults.DefaultSqlSession.selectOne(DefaultSqlSession.java:77)
	at org.apache.ibatis.binding.MapperMethod.execute(MapperMethod.java:83)
	at org.apache.ibatis.binding.MapperProxy.invoke(MapperProxy.java:59)
	at com.sun.proxy.$Proxy10.selectUserAndRoleById2(Unknown Source)
	at jack.mybatis.simple.mapper.UserMapperTest.testSelectUserAndRoleById2(UserMapperTest.java:293)
	at sun.reflect.NativeMethodAccessorImpl.invoke0(Native Method)
	at sun.reflect.NativeMethodAccessorImpl.invoke(NativeMethodAccessorImpl.java:62)
	at sun.reflect.DelegatingMethodAccessorImpl.invoke(DelegatingMethodAccessorImpl.java:43)
	at java.lang.reflect.Method.invoke(Method.java:498)
	at org.junit.runners.model.FrameworkMethod$1.runReflectiveCall(FrameworkMethod.java:50)
	at org.junit.internal.runners.model.ReflectiveCallable.run(ReflectiveCallable.java:12)
	at org.junit.runners.model.FrameworkMethod.invokeExplosively(FrameworkMethod.java:47)
	at org.junit.internal.runners.statements.InvokeMethod.evaluate(InvokeMethod.java:17)
	at org.junit.runners.ParentRunner.runLeaf(ParentRunner.java:325)
	at org.junit.runners.BlockJUnit4ClassRunner.runChild(BlockJUnit4ClassRunner.java:78)
	at org.junit.runners.BlockJUnit4ClassRunner.runChild(BlockJUnit4ClassRunner.java:57)
	at org.junit.runners.ParentRunner$3.run(ParentRunner.java:290)
	at org.junit.runners.ParentRunner$1.schedule(ParentRunner.java:71)
	at org.junit.runners.ParentRunner.runChildren(ParentRunner.java:288)
	at org.junit.runners.ParentRunner.access$000(ParentRunner.java:58)
	at org.junit.runners.ParentRunner$2.evaluate(ParentRunner.java:268)
	at org.junit.internal.runners.statements.RunBefores.evaluate(RunBefores.java:26)
	at org.junit.runners.ParentRunner.run(ParentRunner.java:363)
	at org.apache.maven.surefire.junit4.JUnit4Provider.execute(JUnit4Provider.java:252)
	at org.apache.maven.surefire.junit4.JUnit4Provider.executeTestSet(JUnit4Provider.java:141)
	at org.apache.maven.surefire.junit4.JUnit4Provider.invoke(JUnit4Provider.java:112)
	at sun.reflect.NativeMethodAccessorImpl.invoke0(Native Method)
	at sun.reflect.NativeMethodAccessorImpl.invoke(NativeMethodAccessorImpl.java:62)
	at sun.reflect.DelegatingMethodAccessorImpl.invoke(DelegatingMethodAccessorImpl.java:43)
	at java.lang.reflect.Method.invoke(Method.java:498)
	at org.apache.maven.surefire.util.ReflectionUtils.invokeMethodWithArray(ReflectionUtils.java:189)
	at org.apache.maven.surefire.booter.ProviderFactory$ProviderProxy.invoke(ProviderFactory.java:165)
	at org.apache.maven.surefire.booter.ProviderFactory.invokeProvider(ProviderFactory.java:85)
	at org.apache.maven.surefire.booter.ForkedBooter.runSuitesInProcess(ForkedBooter.java:115)
	at org.apache.maven.surefire.booter.ForkedBooter.main(ForkedBooter.java:75)
Caused by: java.lang.IllegalArgumentException: Result Maps collection does not contain value for jack.mybatis.simple.mapper.RoleMapper.roleMap
	at org.apache.ibatis.session.Configuration$StrictMap.get(Configuration.java:888)
	at org.apache.ibatis.session.Configuration.getResultMap(Configuration.java:640)
	at org.apache.ibatis.executor.resultset.DefaultResultSetHandler.getNestedResultMap(DefaultResultSetHandler.java:1011)
	at org.apache.ibatis.executor.resultset.DefaultResultSetHandler.applyNestedResultMappings(DefaultResultSetHandler.java:945)
	at org.apache.ibatis.executor.resultset.DefaultResultSetHandler.getRowValue(DefaultResultSetHandler.java:918)
	at org.apache.ibatis.executor.resultset.DefaultResultSetHandler.handleRowValuesForNestedResultMap(DefaultResultSetHandler.java:881)
	at org.apache.ibatis.executor.resultset.DefaultResultSetHandler.handleRowValues(DefaultResultSetHandler.java:328)
	at org.apache.ibatis.executor.resultset.DefaultResultSetHandler.handleResultSet(DefaultResultSetHandler.java:303)
	at org.apache.ibatis.executor.resultset.DefaultResultSetHandler.handleResultSets(DefaultResultSetHandler.java:196)
	at org.apache.ibatis.executor.statement.PreparedStatementHandler.query(PreparedStatementHandler.java:64)
	at org.apache.ibatis.executor.statement.RoutingStatementHandler.query(RoutingStatementHandler.java:79)
	at org.apache.ibatis.executor.SimpleExecutor.doQuery(SimpleExecutor.java:63)
	at org.apache.ibatis.executor.BaseExecutor.queryFromDatabase(BaseExecutor.java:326)
	at org.apache.ibatis.executor.BaseExecutor.query(BaseExecutor.java:156)
	at org.apache.ibatis.executor.CachingExecutor.query(CachingExecutor.java:109)
	at org.apache.ibatis.executor.CachingExecutor.query(CachingExecutor.java:83)
	at org.apache.ibatis.session.defaults.DefaultSqlSession.selectList(DefaultSqlSession.java:148)
	... 36 more
</error>
    <system-out>DEBUG [main] - ==&gt;  Preparing: select u.id, u.user_name, u.user_password, u.user_email, u.user_info, u.head_img, u.create_time, r.id role_id, r.role_name role_role_name, r.enabled role_enabled, r.create_by role_create_by, r.create_time role_create_time from sys_user u inner join sys_user_role ur on u.id = ur.user_id inner join sys_role r on ur.role_id = r.id where u.id = ? 
DEBUG [main] - ==&gt; Parameters: 1001(Long)
TRACE [main] - &lt;==    Columns: id, user_name, user_password, user_email, user_info, head_img, create_time, role_id, role_role_name, role_enabled, role_create_by, role_create_time
TRACE [main] - &lt;==        Row: 1001, test, 123456, test@mybatis.tk, &lt;&lt;BLOB&gt;&gt;, &lt;&lt;BLOB&gt;&gt;, 2016-06-07 00:00:00.0, 2, ��ͨ�û�, 1, 1, 2016-04-01 17:02:34.0
</system-out>
    <system-err>Sat Sep 29 15:26:36 CST 2018 WARN: Establishing SSL connection without server&apos;s identity verification is not recommended. According to MySQL 5.5.45+, 5.6.26+ and 5.7.6+ requirements SSL connection must be established by default if explicit option isn&apos;t set. For compliance with existing applications not using SSL the verifyServerCertificate property is set to &apos;false&apos;. You need either to explicitly disable SSL by setting useSSL=false, or set useSSL=true and provide truststore for server certificate verification.
</system-err>
  </testcase>
  <testcase classname="jack.mybatis.simple.mapper.UserMapperTest" name="testInsert" time="0.037"/>
  <testcase classname="jack.mybatis.simple.mapper.UserMapperTest" name="testInsert2" time="0.042"/>
  <testcase classname="jack.mybatis.simple.mapper.UserMapperTest" name="testInsert3" time="0.039"/>
  <testcase classname="jack.mybatis.simple.mapper.UserMapperTest" name="testSelectbyIdOrUserName" time="0.038"/>
  <testcase classname="jack.mybatis.simple.mapper.UserMapperTest" name="testUpdateByIdSelective" time="0.036"/>
</testsuite>